<?xml version="1.0" encoding="UTF-8"?>
<!-- Generated by org.testng.reporters.JUnitXMLReporter -->
<testsuite ignored="2" hostname="Vamsi" failures="0" tests="1" name="Test" time="11.999" errors="0" timestamp="2025-07-07T17:04:29 IST">
  <testcase classname="com.comcast.crm.createcontact.CreateContactTest" name="contact_Test" time="6.388"/>
  <testcase classname="com.comcast.crm.createcontact.CreateContactTest" name="createContact_Test" time="0.0">
    <ignored/>
  </testcase> <!-- createContact_Test -->
  <testcase classname="com.comcast.crm.createcontact.CreateContactTest" name="createContactWithOrg_Test" time="0.0">
    <ignored/>
  </testcase> <!-- createContactWithOrg_Test -->
</testsuite> <!-- Test -->
