<?xml version="1.0" encoding="UTF-8"?>
<testng-results ignored="2" total="3" passed="1" failed="0" skipped="0">
  <reporter-output>
  </reporter-output>
  <suite started-at="2025-07-07T17:04:17 IST" name="Suite" finished-at="2025-07-07T17:04:29 IST" duration-ms="11999">
    <groups>
    </groups>
    <test started-at="2025-07-07T17:04:17 IST" name="Test" finished-at="2025-07-07T17:04:29 IST" duration-ms="11999">
      <class name="com.comcast.crm.createcontact.CreateContactTest">
        <test-method is-config="true" signature="configBS()[pri:0, instance:com.comcast.crm.createcontact.CreateContactTest@59474f18]" started-at="2025-07-07T17:04:17 IST" name="configBS" finished-at="2025-07-07T17:04:17 IST" duration-ms="484" status="PASS">
          <reporter-output>
          </reporter-output>
        </test-method> <!-- configBS -->
        <test-method is-config="true" signature="configBC()[pri:0, instance:com.comcast.crm.createcontact.CreateContactTest@59474f18]" started-at="2025-07-07T17:04:17 IST" name="configBC" finished-at="2025-07-07T17:04:21 IST" duration-ms="3625" status="PASS">
          <reporter-output>
          </reporter-output>
        </test-method> <!-- configBC -->
        <test-method is-config="true" signature="configBM()[pri:0, instance:com.comcast.crm.createcontact.CreateContactTest@59474f18]" started-at="2025-07-07T17:04:21 IST" name="configBM" finished-at="2025-07-07T17:04:22 IST" duration-ms="674" status="PASS">
          <reporter-output>
          </reporter-output>
        </test-method> <!-- configBM -->
        <test-method signature="contact_Test()[pri:0, instance:com.comcast.crm.createcontact.CreateContactTest@59474f18]" started-at="2025-07-07T17:04:22 IST" name="contact_Test" finished-at="2025-07-07T17:04:28 IST" duration-ms="6388" status="PASS">
          <reporter-output>
          </reporter-output>
        </test-method> <!-- contact_Test -->
        <test-method is-config="true" signature="configAM()[pri:0, instance:com.comcast.crm.createcontact.CreateContactTest@59474f18]" started-at="2025-07-07T17:04:28 IST" name="configAM" finished-at="2025-07-07T17:04:29 IST" duration-ms="889" status="PASS">
          <reporter-output>
          </reporter-output>
        </test-method> <!-- configAM -->
        <test-method is-config="true" signature="configAC()[pri:0, instance:com.comcast.crm.createcontact.CreateContactTest@59474f18]" started-at="2025-07-07T17:04:29 IST" name="configAC" finished-at="2025-07-07T17:04:29 IST" duration-ms="380" status="PASS">
          <reporter-output>
          </reporter-output>
        </test-method> <!-- configAC -->
        <test-method is-config="true" signature="configAS()[pri:0, instance:com.comcast.crm.createcontact.CreateContactTest@59474f18]" started-at="2025-07-07T17:04:30 IST" name="configAS" finished-at="2025-07-07T17:04:30 IST" duration-ms="0" status="PASS">
          <reporter-output>
          </reporter-output>
        </test-method> <!-- configAS -->
      </class> <!-- com.comcast.crm.createcontact.CreateContactTest -->
    </test> <!-- Test -->
  </suite> <!-- Suite -->
</testng-results>
